2024-01-26T15:12:35.346-05:00  INFO 20064 --- [main] c.c.h.b.BankSpringBootApplication        : Starting BankSpringBootApplication using Java 18.0.1 with PID 20064 (/Users/kevinge/Desktop/chuwa/chuwa1206/CodeQuestions/Bank_SpringBoot/target/classes started by kevinge in /Users/kevinge/Desktop/chuwa/chuwa1206/CodeQuestions/Bank_SpringBoot)
2024-01-26T15:12:35.347-05:00  INFO 20064 --- [main] c.c.h.b.BankSpringBootApplication        : No active profile set, falling back to 1 default profile: "default"
2024-01-26T15:12:35.673-05:00  INFO 20064 --- [main] .s.d.r.c.RepositoryConfigurationDelegate : Bootstrapping Spring Data JPA repositories in DEFAULT mode.
2024-01-26T15:12:35.703-05:00  INFO 20064 --- [main] .s.d.r.c.RepositoryConfigurationDelegate : Finished Spring Data repository scanning in 26 ms. Found 3 JPA repository interfaces.
2024-01-26T15:12:35.950-05:00  INFO 20064 --- [main] o.s.b.w.embedded.tomcat.TomcatWebServer  : Tomcat initialized with port 8080 (http)
2024-01-26T15:12:35.957-05:00  INFO 20064 --- [main] o.apache.catalina.core.StandardService   : Starting service [Tomcat]
2024-01-26T15:12:35.958-05:00  INFO 20064 --- [main] o.apache.catalina.core.StandardEngine    : Starting Servlet engine: [Apache Tomcat/10.1.17]
2024-01-26T15:12:35.986-05:00  INFO 20064 --- [main] o.a.c.c.C.[Tomcat].[localhost].[/]       : Initializing Spring embedded WebApplicationContext
2024-01-26T15:12:35.987-05:00  INFO 20064 --- [main] w.s.c.ServletWebServerApplicationContext : Root WebApplicationContext: initialization completed in 620 ms
2024-01-26T15:12:36.077-05:00  INFO 20064 --- [main] o.hibernate.jpa.internal.util.LogHelper  : HHH000204: Processing PersistenceUnitInfo [name: default]
2024-01-26T15:12:36.108-05:00  INFO 20064 --- [main] org.hibernate.Version                    : HHH000412: Hibernate ORM core version 6.4.1.Final
2024-01-26T15:12:36.128-05:00  INFO 20064 --- [main] o.h.c.internal.RegionFactoryInitiator    : HHH000026: Second-level cache disabled
2024-01-26T15:12:36.245-05:00  INFO 20064 --- [main] o.s.o.j.p.SpringPersistenceUnitInfo      : No LoadTimeWeaver setup: ignoring JPA class transformer
2024-01-26T15:12:36.259-05:00  INFO 20064 --- [main] com.zaxxer.hikari.HikariDataSource       : HikariPool-1 - Starting...
2024-01-26T15:12:36.368-05:00  INFO 20064 --- [main] com.zaxxer.hikari.pool.HikariPool        : HikariPool-1 - Added connection com.mysql.cj.jdbc.ConnectionImpl@4aa3fc9a
2024-01-26T15:12:36.369-05:00  INFO 20064 --- [main] com.zaxxer.hikari.HikariDataSource       : HikariPool-1 - Start completed.
2024-01-26T15:12:36.398-05:00  WARN 20064 --- [main] org.hibernate.orm.deprecation            : HHH90000025: MySQL8Dialect does not need to be specified explicitly using 'hibernate.dialect' (remove the property setting and it will be selected by default)
2024-01-26T15:12:36.399-05:00  WARN 20064 --- [main] org.hibernate.orm.deprecation            : HHH90000026: MySQL8Dialect has been deprecated; use org.hibernate.dialect.MySQLDialect instead
2024-01-26T15:12:36.840-05:00  INFO 20064 --- [main] o.h.e.t.j.p.i.JtaPlatformInitiator       : HHH000489: No JTA platform available (set 'hibernate.transaction.jta.platform' to enable JTA platform integration)
2024-01-26T15:12:36.924-05:00  INFO 20064 --- [main] j.LocalContainerEntityManagerFactoryBean : Initialized JPA EntityManagerFactory for persistence unit 'default'
2024-01-26T15:12:37.138-05:00  WARN 20064 --- [main] JpaBaseConfiguration$JpaWebConfiguration : spring.jpa.open-in-view is enabled by default. Therefore, database queries may be performed during view rendering. Explicitly configure spring.jpa.open-in-view to disable this warning
2024-01-26T15:12:37.319-05:00  INFO 20064 --- [main] o.s.b.w.embedded.tomcat.TomcatWebServer  : Tomcat started on port 8080 (http) with context path ''
2024-01-26T15:12:37.325-05:00  INFO 20064 --- [main] c.c.h.b.BankSpringBootApplication        : Started BankSpringBootApplication in 2.178 seconds (process running for 2.447)
2024-01-26T15:12:59.050-05:00  INFO 20075 --- [main] c.c.h.b.BankSpringBootApplication        : Starting BankSpringBootApplication using Java 18.0.1 with PID 20075 (/Users/kevinge/Desktop/chuwa/chuwa1206/CodeQuestions/Bank_SpringBoot/target/classes started by kevinge in /Users/kevinge/Desktop/chuwa/chuwa1206/CodeQuestions/Bank_SpringBoot)
2024-01-26T15:12:59.051-05:00  INFO 20075 --- [main] c.c.h.b.BankSpringBootApplication        : No active profile set, falling back to 1 default profile: "default"
2024-01-26T15:12:59.384-05:00  INFO 20075 --- [main] .s.d.r.c.RepositoryConfigurationDelegate : Bootstrapping Spring Data JPA repositories in DEFAULT mode.
2024-01-26T15:12:59.412-05:00  INFO 20075 --- [main] .s.d.r.c.RepositoryConfigurationDelegate : Finished Spring Data repository scanning in 23 ms. Found 3 JPA repository interfaces.
2024-01-26T15:12:59.660-05:00  INFO 20075 --- [main] o.s.b.w.embedded.tomcat.TomcatWebServer  : Tomcat initialized with port 8080 (http)
2024-01-26T15:12:59.667-05:00  INFO 20075 --- [main] o.apache.catalina.core.StandardService   : Starting service [Tomcat]
2024-01-26T15:12:59.667-05:00  INFO 20075 --- [main] o.apache.catalina.core.StandardEngine    : Starting Servlet engine: [Apache Tomcat/10.1.17]
2024-01-26T15:12:59.693-05:00  INFO 20075 --- [main] o.a.c.c.C.[Tomcat].[localhost].[/]       : Initializing Spring embedded WebApplicationContext
2024-01-26T15:12:59.694-05:00  INFO 20075 --- [main] w.s.c.ServletWebServerApplicationContext : Root WebApplicationContext: initialization completed in 617 ms
2024-01-26T15:12:59.763-05:00  INFO 20075 --- [main] o.hibernate.jpa.internal.util.LogHelper  : HHH000204: Processing PersistenceUnitInfo [name: default]
2024-01-26T15:12:59.788-05:00  INFO 20075 --- [main] org.hibernate.Version                    : HHH000412: Hibernate ORM core version 6.4.1.Final
2024-01-26T15:12:59.802-05:00  INFO 20075 --- [main] o.h.c.internal.RegionFactoryInitiator    : HHH000026: Second-level cache disabled
2024-01-26T15:13:00.163-05:00  INFO 20075 --- [main] o.s.o.j.p.SpringPersistenceUnitInfo      : No LoadTimeWeaver setup: ignoring JPA class transformer
2024-01-26T15:13:00.177-05:00  INFO 20075 --- [main] com.zaxxer.hikari.HikariDataSource       : HikariPool-1 - Starting...
2024-01-26T15:13:00.269-05:00  INFO 20075 --- [main] com.zaxxer.hikari.pool.HikariPool        : HikariPool-1 - Added connection com.mysql.cj.jdbc.ConnectionImpl@64c8fcfb
2024-01-26T15:13:00.270-05:00  INFO 20075 --- [main] com.zaxxer.hikari.HikariDataSource       : HikariPool-1 - Start completed.
2024-01-26T15:13:00.300-05:00  WARN 20075 --- [main] org.hibernate.orm.deprecation            : HHH90000025: MySQL8Dialect does not need to be specified explicitly using 'hibernate.dialect' (remove the property setting and it will be selected by default)
2024-01-26T15:13:00.300-05:00  WARN 20075 --- [main] org.hibernate.orm.deprecation            : HHH90000026: MySQL8Dialect has been deprecated; use org.hibernate.dialect.MySQLDialect instead
2024-01-26T15:13:00.733-05:00  INFO 20075 --- [main] o.h.e.t.j.p.i.JtaPlatformInitiator       : HHH000489: No JTA platform available (set 'hibernate.transaction.jta.platform' to enable JTA platform integration)
2024-01-26T15:13:00.794-05:00  INFO 20075 --- [main] j.LocalContainerEntityManagerFactoryBean : Initialized JPA EntityManagerFactory for persistence unit 'default'
2024-01-26T15:13:01.008-05:00  WARN 20075 --- [main] JpaBaseConfiguration$JpaWebConfiguration : spring.jpa.open-in-view is enabled by default. Therefore, database queries may be performed during view rendering. Explicitly configure spring.jpa.open-in-view to disable this warning
2024-01-26T15:13:01.192-05:00  INFO 20075 --- [main] o.s.b.w.embedded.tomcat.TomcatWebServer  : Tomcat started on port 8080 (http) with context path ''
2024-01-26T15:13:01.199-05:00  INFO 20075 --- [main] c.c.h.b.BankSpringBootApplication        : Started BankSpringBootApplication in 2.431 seconds (process running for 2.729)
2024-01-26T15:14:11.914-05:00  INFO 20108 --- [main] c.c.h.b.BankSpringBootApplication        : Starting BankSpringBootApplication using Java 18.0.1 with PID 20108 (/Users/kevinge/Desktop/chuwa/chuwa1206/CodeQuestions/Bank_SpringBoot/target/classes started by kevinge in /Users/kevinge/Desktop/chuwa/chuwa1206/CodeQuestions/Bank_SpringBoot)
2024-01-26T15:14:11.916-05:00  INFO 20108 --- [main] c.c.h.b.BankSpringBootApplication        : No active profile set, falling back to 1 default profile: "default"
2024-01-26T15:14:12.255-05:00  INFO 20108 --- [main] .s.d.r.c.RepositoryConfigurationDelegate : Bootstrapping Spring Data JPA repositories in DEFAULT mode.
2024-01-26T15:14:12.285-05:00  INFO 20108 --- [main] .s.d.r.c.RepositoryConfigurationDelegate : Finished Spring Data repository scanning in 25 ms. Found 3 JPA repository interfaces.
2024-01-26T15:14:12.543-05:00  INFO 20108 --- [main] o.s.b.w.embedded.tomcat.TomcatWebServer  : Tomcat initialized with port 8080 (http)
2024-01-26T15:14:12.549-05:00  INFO 20108 --- [main] o.apache.catalina.core.StandardService   : Starting service [Tomcat]
2024-01-26T15:14:12.550-05:00  INFO 20108 --- [main] o.apache.catalina.core.StandardEngine    : Starting Servlet engine: [Apache Tomcat/10.1.17]
2024-01-26T15:14:12.577-05:00  INFO 20108 --- [main] o.a.c.c.C.[Tomcat].[localhost].[/]       : Initializing Spring embedded WebApplicationContext
2024-01-26T15:14:12.577-05:00  INFO 20108 --- [main] w.s.c.ServletWebServerApplicationContext : Root WebApplicationContext: initialization completed in 639 ms
2024-01-26T15:14:12.655-05:00  INFO 20108 --- [main] o.hibernate.jpa.internal.util.LogHelper  : HHH000204: Processing PersistenceUnitInfo [name: default]
2024-01-26T15:14:12.678-05:00  INFO 20108 --- [main] org.hibernate.Version                    : HHH000412: Hibernate ORM core version 6.4.1.Final
2024-01-26T15:14:12.692-05:00  INFO 20108 --- [main] o.h.c.internal.RegionFactoryInitiator    : HHH000026: Second-level cache disabled
2024-01-26T15:14:12.795-05:00  INFO 20108 --- [main] o.s.o.j.p.SpringPersistenceUnitInfo      : No LoadTimeWeaver setup: ignoring JPA class transformer
2024-01-26T15:14:12.807-05:00  INFO 20108 --- [main] com.zaxxer.hikari.HikariDataSource       : HikariPool-1 - Starting...
2024-01-26T15:14:12.890-05:00  INFO 20108 --- [main] com.zaxxer.hikari.pool.HikariPool        : HikariPool-1 - Added connection com.mysql.cj.jdbc.ConnectionImpl@74b1838
2024-01-26T15:14:12.890-05:00  INFO 20108 --- [main] com.zaxxer.hikari.HikariDataSource       : HikariPool-1 - Start completed.
2024-01-26T15:14:12.913-05:00  WARN 20108 --- [main] org.hibernate.orm.deprecation            : HHH90000025: MySQL8Dialect does not need to be specified explicitly using 'hibernate.dialect' (remove the property setting and it will be selected by default)
2024-01-26T15:14:12.913-05:00  WARN 20108 --- [main] org.hibernate.orm.deprecation            : HHH90000026: MySQL8Dialect has been deprecated; use org.hibernate.dialect.MySQLDialect instead
2024-01-26T15:14:13.352-05:00  INFO 20108 --- [main] o.h.e.t.j.p.i.JtaPlatformInitiator       : HHH000489: No JTA platform available (set 'hibernate.transaction.jta.platform' to enable JTA platform integration)
2024-01-26T15:14:13.409-05:00  INFO 20108 --- [main] j.LocalContainerEntityManagerFactoryBean : Initialized JPA EntityManagerFactory for persistence unit 'default'
2024-01-26T15:14:13.600-05:00  WARN 20108 --- [main] ConfigServletWebServerApplicationContext : Exception encountered during context initialization - cancelling refresh attempt: org.springframework.beans.factory.BeanCreationException: Error creating bean with name 'scheduledTasks' defined in file [/Users/kevinge/Desktop/chuwa/chuwa1206/CodeQuestions/Bank_SpringBoot/target/classes/com/chuwa/hw/bank_springboot/util/ScheduledTasks.class]: Encountered invalid @Scheduled method 'performTask': For input string: "" '/3' in cron expression "/3 * * * * *"
2024-01-26T15:14:13.600-05:00  INFO 20108 --- [main] j.LocalContainerEntityManagerFactoryBean : Closing JPA EntityManagerFactory for persistence unit 'default'
2024-01-26T15:14:13.601-05:00  INFO 20108 --- [main] com.zaxxer.hikari.HikariDataSource       : HikariPool-1 - Shutdown initiated...
2024-01-26T15:14:13.607-05:00  INFO 20108 --- [main] com.zaxxer.hikari.HikariDataSource       : HikariPool-1 - Shutdown completed.
2024-01-26T15:14:13.607-05:00  INFO 20108 --- [main] o.apache.catalina.core.StandardService   : Stopping service [Tomcat]
2024-01-26T15:14:13.614-05:00  INFO 20108 --- [main] .s.b.a.l.ConditionEvaluationReportLogger : 

Error starting ApplicationContext. To display the condition evaluation report re-run your application with 'debug' enabled.
2024-01-26T15:14:13.623-05:00 ERROR 20108 --- [main] o.s.boot.SpringApplication               : Application run failed

org.springframework.beans.factory.BeanCreationException: Error creating bean with name 'scheduledTasks' defined in file [/Users/kevinge/Desktop/chuwa/chuwa1206/CodeQuestions/Bank_SpringBoot/target/classes/com/chuwa/hw/bank_springboot/util/ScheduledTasks.class]: Encountered invalid @Scheduled method 'performTask': For input string: "" '/3' in cron expression "/3 * * * * *"
	at org.springframework.beans.factory.support.AbstractAutowireCapableBeanFactory.doCreateBean(AbstractAutowireCapableBeanFactory.java:606) ~[spring-beans-6.1.2.jar:6.1.2]
	at org.springframework.beans.factory.support.AbstractAutowireCapableBeanFactory.createBean(AbstractAutowireCapableBeanFactory.java:521) ~[spring-beans-6.1.2.jar:6.1.2]
	at org.springframework.beans.factory.support.AbstractBeanFactory.lambda$doGetBean$0(AbstractBeanFactory.java:325) ~[spring-beans-6.1.2.jar:6.1.2]
	at org.springframework.beans.factory.support.DefaultSingletonBeanRegistry.getSingleton(DefaultSingletonBeanRegistry.java:234) ~[spring-beans-6.1.2.jar:6.1.2]
	at org.springframework.beans.factory.support.AbstractBeanFactory.doGetBean(AbstractBeanFactory.java:323) ~[spring-beans-6.1.2.jar:6.1.2]
	at org.springframework.beans.factory.support.AbstractBeanFactory.getBean(AbstractBeanFactory.java:199) ~[spring-beans-6.1.2.jar:6.1.2]
	at org.springframework.beans.factory.support.DefaultListableBeanFactory.preInstantiateSingletons(DefaultListableBeanFactory.java:975) ~[spring-beans-6.1.2.jar:6.1.2]
	at org.springframework.context.support.AbstractApplicationContext.finishBeanFactoryInitialization(AbstractApplicationContext.java:960) ~[spring-context-6.1.2.jar:6.1.2]
	at org.springframework.context.support.AbstractApplicationContext.refresh(AbstractApplicationContext.java:625) ~[spring-context-6.1.2.jar:6.1.2]
	at org.springframework.boot.web.servlet.context.ServletWebServerApplicationContext.refresh(ServletWebServerApplicationContext.java:146) ~[spring-boot-3.2.1.jar:3.2.1]
	at org.springframework.boot.SpringApplication.refresh(SpringApplication.java:762) ~[spring-boot-3.2.1.jar:3.2.1]
	at org.springframework.boot.SpringApplication.refreshContext(SpringApplication.java:464) ~[spring-boot-3.2.1.jar:3.2.1]
	at org.springframework.boot.SpringApplication.run(SpringApplication.java:334) ~[spring-boot-3.2.1.jar:3.2.1]
	at org.springframework.boot.SpringApplication.run(SpringApplication.java:1358) ~[spring-boot-3.2.1.jar:3.2.1]
	at org.springframework.boot.SpringApplication.run(SpringApplication.java:1347) ~[spring-boot-3.2.1.jar:3.2.1]
	at com.chuwa.hw.bank_springboot.BankSpringBootApplication.main(BankSpringBootApplication.java:12) ~[classes/:na]
Caused by: java.lang.IllegalStateException: Encountered invalid @Scheduled method 'performTask': For input string: "" '/3' in cron expression "/3 * * * * *"
	at org.springframework.scheduling.annotation.ScheduledAnnotationBeanPostProcessor.processScheduledTask(ScheduledAnnotationBeanPostProcessor.java:514) ~[spring-context-6.1.2.jar:6.1.2]
	at org.springframework.scheduling.annotation.ScheduledAnnotationBeanPostProcessor.processScheduledSync(ScheduledAnnotationBeanPostProcessor.java:353) ~[spring-context-6.1.2.jar:6.1.2]
	at org.springframework.scheduling.annotation.ScheduledAnnotationBeanPostProcessor.processScheduled(ScheduledAnnotationBeanPostProcessor.java:332) ~[spring-context-6.1.2.jar:6.1.2]
	at org.springframework.scheduling.annotation.ScheduledAnnotationBeanPostProcessor.lambda$postProcessAfterInitialization$1(ScheduledAnnotationBeanPostProcessor.java:304) ~[spring-context-6.1.2.jar:6.1.2]
	at java.base/java.lang.Iterable.forEach(Iterable.java:75) ~[na:na]
	at org.springframework.scheduling.annotation.ScheduledAnnotationBeanPostProcessor.lambda$postProcessAfterInitialization$2(ScheduledAnnotationBeanPostProcessor.java:304) ~[spring-context-6.1.2.jar:6.1.2]
	at java.base/java.util.LinkedHashMap.forEach(LinkedHashMap.java:721) ~[na:na]
	at org.springframework.scheduling.annotation.ScheduledAnnotationBeanPostProcessor.postProcessAfterInitialization(ScheduledAnnotationBeanPostProcessor.java:303) ~[spring-context-6.1.2.jar:6.1.2]
	at org.springframework.beans.factory.support.AbstractAutowireCapableBeanFactory.applyBeanPostProcessorsAfterInitialization(AbstractAutowireCapableBeanFactory.java:437) ~[spring-beans-6.1.2.jar:6.1.2]
	at org.springframework.beans.factory.support.AbstractAutowireCapableBeanFactory.initializeBean(AbstractAutowireCapableBeanFactory.java:1776) ~[spring-beans-6.1.2.jar:6.1.2]
	at org.springframework.beans.factory.support.AbstractAutowireCapableBeanFactory.doCreateBean(AbstractAutowireCapableBeanFactory.java:599) ~[spring-beans-6.1.2.jar:6.1.2]
	... 15 common frames omitted

2024-01-26T15:14:26.912-05:00  INFO 20113 --- [main] c.c.h.b.BankSpringBootApplication        : Starting BankSpringBootApplication using Java 18.0.1 with PID 20113 (/Users/kevinge/Desktop/chuwa/chuwa1206/CodeQuestions/Bank_SpringBoot/target/classes started by kevinge in /Users/kevinge/Desktop/chuwa/chuwa1206/CodeQuestions/Bank_SpringBoot)
2024-01-26T15:14:26.913-05:00  INFO 20113 --- [main] c.c.h.b.BankSpringBootApplication        : No active profile set, falling back to 1 default profile: "default"
2024-01-26T15:14:27.223-05:00  INFO 20113 --- [main] .s.d.r.c.RepositoryConfigurationDelegate : Bootstrapping Spring Data JPA repositories in DEFAULT mode.
2024-01-26T15:14:27.250-05:00  INFO 20113 --- [main] .s.d.r.c.RepositoryConfigurationDelegate : Finished Spring Data repository scanning in 23 ms. Found 3 JPA repository interfaces.
2024-01-26T15:14:27.494-05:00  INFO 20113 --- [main] o.s.b.w.embedded.tomcat.TomcatWebServer  : Tomcat initialized with port 8080 (http)
2024-01-26T15:14:27.501-05:00  INFO 20113 --- [main] o.apache.catalina.core.StandardService   : Starting service [Tomcat]
2024-01-26T15:14:27.502-05:00  INFO 20113 --- [main] o.apache.catalina.core.StandardEngine    : Starting Servlet engine: [Apache Tomcat/10.1.17]
2024-01-26T15:14:27.526-05:00  INFO 20113 --- [main] o.a.c.c.C.[Tomcat].[localhost].[/]       : Initializing Spring embedded WebApplicationContext
2024-01-26T15:14:27.526-05:00  INFO 20113 --- [main] w.s.c.ServletWebServerApplicationContext : Root WebApplicationContext: initialization completed in 592 ms
2024-01-26T15:14:27.598-05:00  INFO 20113 --- [main] o.hibernate.jpa.internal.util.LogHelper  : HHH000204: Processing PersistenceUnitInfo [name: default]
2024-01-26T15:14:27.622-05:00  INFO 20113 --- [main] org.hibernate.Version                    : HHH000412: Hibernate ORM core version 6.4.1.Final
2024-01-26T15:14:27.636-05:00  INFO 20113 --- [main] o.h.c.internal.RegionFactoryInitiator    : HHH000026: Second-level cache disabled
2024-01-26T15:14:27.740-05:00  INFO 20113 --- [main] o.s.o.j.p.SpringPersistenceUnitInfo      : No LoadTimeWeaver setup: ignoring JPA class transformer
2024-01-26T15:14:27.752-05:00  INFO 20113 --- [main] com.zaxxer.hikari.HikariDataSource       : HikariPool-1 - Starting...
2024-01-26T15:14:27.834-05:00  INFO 20113 --- [main] com.zaxxer.hikari.pool.HikariPool        : HikariPool-1 - Added connection com.mysql.cj.jdbc.ConnectionImpl@74b1838
2024-01-26T15:14:27.835-05:00  INFO 20113 --- [main] com.zaxxer.hikari.HikariDataSource       : HikariPool-1 - Start completed.
2024-01-26T15:14:27.858-05:00  WARN 20113 --- [main] org.hibernate.orm.deprecation            : HHH90000025: MySQL8Dialect does not need to be specified explicitly using 'hibernate.dialect' (remove the property setting and it will be selected by default)
2024-01-26T15:14:27.858-05:00  WARN 20113 --- [main] org.hibernate.orm.deprecation            : HHH90000026: MySQL8Dialect has been deprecated; use org.hibernate.dialect.MySQLDialect instead
2024-01-26T15:14:28.279-05:00  INFO 20113 --- [main] o.h.e.t.j.p.i.JtaPlatformInitiator       : HHH000489: No JTA platform available (set 'hibernate.transaction.jta.platform' to enable JTA platform integration)
2024-01-26T15:14:28.338-05:00  INFO 20113 --- [main] j.LocalContainerEntityManagerFactoryBean : Initialized JPA EntityManagerFactory for persistence unit 'default'
2024-01-26T15:14:28.531-05:00  WARN 20113 --- [main] ConfigServletWebServerApplicationContext : Exception encountered during context initialization - cancelling refresh attempt: org.springframework.beans.factory.BeanCreationException: Error creating bean with name 'scheduledTasks' defined in file [/Users/kevinge/Desktop/chuwa/chuwa1206/CodeQuestions/Bank_SpringBoot/target/classes/com/chuwa/hw/bank_springboot/util/ScheduledTasks.class]: Encountered invalid @Scheduled method 'performTask': For input string: "" '/3' in cron expression "/3 * * * * *"
2024-01-26T15:14:28.531-05:00  INFO 20113 --- [main] j.LocalContainerEntityManagerFactoryBean : Closing JPA EntityManagerFactory for persistence unit 'default'
2024-01-26T15:14:28.532-05:00  INFO 20113 --- [main] com.zaxxer.hikari.HikariDataSource       : HikariPool-1 - Shutdown initiated...
2024-01-26T15:14:28.536-05:00  INFO 20113 --- [main] com.zaxxer.hikari.HikariDataSource       : HikariPool-1 - Shutdown completed.
2024-01-26T15:14:28.537-05:00  INFO 20113 --- [main] o.apache.catalina.core.StandardService   : Stopping service [Tomcat]
2024-01-26T15:14:28.543-05:00  INFO 20113 --- [main] .s.b.a.l.ConditionEvaluationReportLogger : 

Error starting ApplicationContext. To display the condition evaluation report re-run your application with 'debug' enabled.
2024-01-26T15:14:28.551-05:00 ERROR 20113 --- [main] o.s.boot.SpringApplication               : Application run failed

org.springframework.beans.factory.BeanCreationException: Error creating bean with name 'scheduledTasks' defined in file [/Users/kevinge/Desktop/chuwa/chuwa1206/CodeQuestions/Bank_SpringBoot/target/classes/com/chuwa/hw/bank_springboot/util/ScheduledTasks.class]: Encountered invalid @Scheduled method 'performTask': For input string: "" '/3' in cron expression "/3 * * * * *"
	at org.springframework.beans.factory.support.AbstractAutowireCapableBeanFactory.doCreateBean(AbstractAutowireCapableBeanFactory.java:606) ~[spring-beans-6.1.2.jar:6.1.2]
	at org.springframework.beans.factory.support.AbstractAutowireCapableBeanFactory.createBean(AbstractAutowireCapableBeanFactory.java:521) ~[spring-beans-6.1.2.jar:6.1.2]
	at org.springframework.beans.factory.support.AbstractBeanFactory.lambda$doGetBean$0(AbstractBeanFactory.java:325) ~[spring-beans-6.1.2.jar:6.1.2]
	at org.springframework.beans.factory.support.DefaultSingletonBeanRegistry.getSingleton(DefaultSingletonBeanRegistry.java:234) ~[spring-beans-6.1.2.jar:6.1.2]
	at org.springframework.beans.factory.support.AbstractBeanFactory.doGetBean(AbstractBeanFactory.java:323) ~[spring-beans-6.1.2.jar:6.1.2]
	at org.springframework.beans.factory.support.AbstractBeanFactory.getBean(AbstractBeanFactory.java:199) ~[spring-beans-6.1.2.jar:6.1.2]
	at org.springframework.beans.factory.support.DefaultListableBeanFactory.preInstantiateSingletons(DefaultListableBeanFactory.java:975) ~[spring-beans-6.1.2.jar:6.1.2]
	at org.springframework.context.support.AbstractApplicationContext.finishBeanFactoryInitialization(AbstractApplicationContext.java:960) ~[spring-context-6.1.2.jar:6.1.2]
	at org.springframework.context.support.AbstractApplicationContext.refresh(AbstractApplicationContext.java:625) ~[spring-context-6.1.2.jar:6.1.2]
	at org.springframework.boot.web.servlet.context.ServletWebServerApplicationContext.refresh(ServletWebServerApplicationContext.java:146) ~[spring-boot-3.2.1.jar:3.2.1]
	at org.springframework.boot.SpringApplication.refresh(SpringApplication.java:762) ~[spring-boot-3.2.1.jar:3.2.1]
	at org.springframework.boot.SpringApplication.refreshContext(SpringApplication.java:464) ~[spring-boot-3.2.1.jar:3.2.1]
	at org.springframework.boot.SpringApplication.run(SpringApplication.java:334) ~[spring-boot-3.2.1.jar:3.2.1]
	at org.springframework.boot.SpringApplication.run(SpringApplication.java:1358) ~[spring-boot-3.2.1.jar:3.2.1]
	at org.springframework.boot.SpringApplication.run(SpringApplication.java:1347) ~[spring-boot-3.2.1.jar:3.2.1]
	at com.chuwa.hw.bank_springboot.BankSpringBootApplication.main(BankSpringBootApplication.java:12) ~[classes/:na]
Caused by: java.lang.IllegalStateException: Encountered invalid @Scheduled method 'performTask': For input string: "" '/3' in cron expression "/3 * * * * *"
	at org.springframework.scheduling.annotation.ScheduledAnnotationBeanPostProcessor.processScheduledTask(ScheduledAnnotationBeanPostProcessor.java:514) ~[spring-context-6.1.2.jar:6.1.2]
	at org.springframework.scheduling.annotation.ScheduledAnnotationBeanPostProcessor.processScheduledSync(ScheduledAnnotationBeanPostProcessor.java:353) ~[spring-context-6.1.2.jar:6.1.2]
	at org.springframework.scheduling.annotation.ScheduledAnnotationBeanPostProcessor.processScheduled(ScheduledAnnotationBeanPostProcessor.java:332) ~[spring-context-6.1.2.jar:6.1.2]
	at org.springframework.scheduling.annotation.ScheduledAnnotationBeanPostProcessor.lambda$postProcessAfterInitialization$1(ScheduledAnnotationBeanPostProcessor.java:304) ~[spring-context-6.1.2.jar:6.1.2]
	at java.base/java.lang.Iterable.forEach(Iterable.java:75) ~[na:na]
	at org.springframework.scheduling.annotation.ScheduledAnnotationBeanPostProcessor.lambda$postProcessAfterInitialization$2(ScheduledAnnotationBeanPostProcessor.java:304) ~[spring-context-6.1.2.jar:6.1.2]
	at java.base/java.util.LinkedHashMap.forEach(LinkedHashMap.java:721) ~[na:na]
	at org.springframework.scheduling.annotation.ScheduledAnnotationBeanPostProcessor.postProcessAfterInitialization(ScheduledAnnotationBeanPostProcessor.java:303) ~[spring-context-6.1.2.jar:6.1.2]
	at org.springframework.beans.factory.support.AbstractAutowireCapableBeanFactory.applyBeanPostProcessorsAfterInitialization(AbstractAutowireCapableBeanFactory.java:437) ~[spring-beans-6.1.2.jar:6.1.2]
	at org.springframework.beans.factory.support.AbstractAutowireCapableBeanFactory.initializeBean(AbstractAutowireCapableBeanFactory.java:1776) ~[spring-beans-6.1.2.jar:6.1.2]
	at org.springframework.beans.factory.support.AbstractAutowireCapableBeanFactory.doCreateBean(AbstractAutowireCapableBeanFactory.java:599) ~[spring-beans-6.1.2.jar:6.1.2]
	... 15 common frames omitted

2024-01-26T15:16:41.200-05:00  INFO 20146 --- [main] c.c.h.b.BankSpringBootApplication        : Starting BankSpringBootApplication using Java 18.0.1 with PID 20146 (/Users/kevinge/Desktop/chuwa/chuwa1206/CodeQuestions/Bank_SpringBoot/target/classes started by kevinge in /Users/kevinge/Desktop/chuwa/chuwa1206/CodeQuestions/Bank_SpringBoot)
2024-01-26T15:16:41.201-05:00  INFO 20146 --- [main] c.c.h.b.BankSpringBootApplication        : No active profile set, falling back to 1 default profile: "default"
2024-01-26T15:16:41.528-05:00  INFO 20146 --- [main] .s.d.r.c.RepositoryConfigurationDelegate : Bootstrapping Spring Data JPA repositories in DEFAULT mode.
2024-01-26T15:16:41.555-05:00  INFO 20146 --- [main] .s.d.r.c.RepositoryConfigurationDelegate : Finished Spring Data repository scanning in 23 ms. Found 3 JPA repository interfaces.
2024-01-26T15:16:41.794-05:00  INFO 20146 --- [main] o.s.b.w.embedded.tomcat.TomcatWebServer  : Tomcat initialized with port 8080 (http)
2024-01-26T15:16:41.803-05:00  INFO 20146 --- [main] o.apache.catalina.core.StandardService   : Starting service [Tomcat]
2024-01-26T15:16:41.803-05:00  INFO 20146 --- [main] o.apache.catalina.core.StandardEngine    : Starting Servlet engine: [Apache Tomcat/10.1.17]
2024-01-26T15:16:41.829-05:00  INFO 20146 --- [main] o.a.c.c.C.[Tomcat].[localhost].[/]       : Initializing Spring embedded WebApplicationContext
2024-01-26T15:16:41.829-05:00  INFO 20146 --- [main] w.s.c.ServletWebServerApplicationContext : Root WebApplicationContext: initialization completed in 600 ms
2024-01-26T15:16:41.901-05:00  INFO 20146 --- [main] o.hibernate.jpa.internal.util.LogHelper  : HHH000204: Processing PersistenceUnitInfo [name: default]
2024-01-26T15:16:41.925-05:00  INFO 20146 --- [main] org.hibernate.Version                    : HHH000412: Hibernate ORM core version 6.4.1.Final
2024-01-26T15:16:41.939-05:00  INFO 20146 --- [main] o.h.c.internal.RegionFactoryInitiator    : HHH000026: Second-level cache disabled
2024-01-26T15:16:42.051-05:00  INFO 20146 --- [main] o.s.o.j.p.SpringPersistenceUnitInfo      : No LoadTimeWeaver setup: ignoring JPA class transformer
2024-01-26T15:16:42.063-05:00  INFO 20146 --- [main] com.zaxxer.hikari.HikariDataSource       : HikariPool-1 - Starting...
2024-01-26T15:16:42.143-05:00  INFO 20146 --- [main] com.zaxxer.hikari.pool.HikariPool        : HikariPool-1 - Added connection com.mysql.cj.jdbc.ConnectionImpl@23f60b7d
2024-01-26T15:16:42.143-05:00  INFO 20146 --- [main] com.zaxxer.hikari.HikariDataSource       : HikariPool-1 - Start completed.
2024-01-26T15:16:42.170-05:00  WARN 20146 --- [main] org.hibernate.orm.deprecation            : HHH90000025: MySQL8Dialect does not need to be specified explicitly using 'hibernate.dialect' (remove the property setting and it will be selected by default)
2024-01-26T15:16:42.170-05:00  WARN 20146 --- [main] org.hibernate.orm.deprecation            : HHH90000026: MySQL8Dialect has been deprecated; use org.hibernate.dialect.MySQLDialect instead
2024-01-26T15:16:42.590-05:00  INFO 20146 --- [main] o.h.e.t.j.p.i.JtaPlatformInitiator       : HHH000489: No JTA platform available (set 'hibernate.transaction.jta.platform' to enable JTA platform integration)
2024-01-26T15:16:42.645-05:00  INFO 20146 --- [main] j.LocalContainerEntityManagerFactoryBean : Initialized JPA EntityManagerFactory for persistence unit 'default'
2024-01-26T15:16:42.853-05:00  WARN 20146 --- [main] JpaBaseConfiguration$JpaWebConfiguration : spring.jpa.open-in-view is enabled by default. Therefore, database queries may be performed during view rendering. Explicitly configure spring.jpa.open-in-view to disable this warning
2024-01-26T15:16:43.028-05:00  INFO 20146 --- [main] o.s.b.w.embedded.tomcat.TomcatWebServer  : Tomcat started on port 8080 (http) with context path ''
2024-01-26T15:16:43.034-05:00  INFO 20146 --- [main] c.c.h.b.BankSpringBootApplication        : Started BankSpringBootApplication in 2.034 seconds (process running for 2.268)
2024-01-26T15:17:00.183-05:00  INFO 20146 --- [SpringApplicationShutdownHook] j.LocalContainerEntityManagerFactoryBean : Closing JPA EntityManagerFactory for persistence unit 'default'
2024-01-26T15:17:00.186-05:00  INFO 20146 --- [SpringApplicationShutdownHook] com.zaxxer.hikari.HikariDataSource       : HikariPool-1 - Shutdown initiated...
2024-01-26T15:17:00.191-05:00  INFO 20146 --- [SpringApplicationShutdownHook] com.zaxxer.hikari.HikariDataSource       : HikariPool-1 - Shutdown completed.
